# JRE version: OpenJDK Runtime Environment Temurin-17.0.11+9 (17.0.11+9) (build 17.0.11+9)
# Java VM: OpenJDK Client VM Temurin-17.0.11+9 (17.0.11+9, mixed mode, emulated-client, serial gc, windows-x86)
GC Precious Log:
 CPUs: 16 total, 16 available
 Memory: 14181M
 Large Page Support: Disabled
 NUMA Support: Disabled
 Compressed Oops: Disabled
 Heap Min Capacity: 6M
 Heap Initial Capacity: 16M
 Heap Max Capacity: 1536M
 Pre-touch: Disabled
Heap:
 def new generation   total 156800K, used 91602K [0x04c00000, 0x0f620000, 0x24c00000)
  eden space 139392K,  62% used [0x04c00000, 0x0a09cb78, 0x0d420000)
  from space 17408K,  28% used [0x0d420000, 0x0d8f7dd0, 0x0e520000)
  to   space 17408K,   0% used [0x0e520000, 0x0e520000, 0x0f620000)
 tenured generation   total 346380K, used 263076K [0x24c00000, 0x39e43000, 0x64c00000)
   the space 346380K,  75% used [0x24c00000, 0x34ce9210, 0x34ce9400, 0x39e43000)
 Metaspace       used 97219K, committed 97728K, reserved 98304K
GC Heap History (20 events):
Event: 71.377 GC heap before
{Heap before GC invocations=107 (full 7):
 def new generation   total 156800K, used 148522K [0x04c00000, 0x0f620000, 0x24c00000)
  eden space 139392K, 100% used [0x04c00000, 0x0d420000, 0x0d420000)
  from space 17408K,  52% used [0x0d420000, 0x0dd0aa28, 0x0e520000)
  to   space 17408K,   0% used [0x0e520000, 0x0e520000, 0x0f620000)
 tenured generation   total 346380K, used 248264K [0x24c00000, 0x39e43000, 0x64c00000)
   the space 346380K,  71% used [0x24c00000, 0x33e720f0, 0x33e72200, 0x39e43000)
 Metaspace       used 93771K, committed 94336K, reserved 98304K
}
Event: 71.431 GC heap after
{Heap after GC invocations=108 (full 7):
 def new generation   total 156800K, used 10146K [0x04c00000, 0x0f620000, 0x24c00000)
  eden space 139392K,   0% used [0x04c00000, 0x04c00000, 0x0d420000)
  from space 17408K,  58% used [0x0e520000, 0x0ef08bd8, 0x0f620000)
  to   space 17408K,   0% used [0x0d420000, 0x0d420000, 0x0e520000)
 tenured generation   total 346380K, used 253079K [0x24c00000, 0x39e43000, 0x64c00000)
   the space 346380K,  73% used [0x24c00000, 0x34325c08, 0x34325e00, 0x39e43000)
 Metaspace       used 93771K, committed 94336K, reserved 98304K
}
Event: 71.610 GC heap before
{Heap before GC invocations=108 (full 7):
 def new generation   total 156800K, used 149538K [0x04c00000, 0x0f620000, 0x24c00000)
  eden space 139392K, 100% used [0x04c00000, 0x0d420000, 0x0d420000)
  from space 17408K,  58% used [0x0e520000, 0x0ef08bd8, 0x0f620000)
  to   space 17408K,   0% used [0x0d420000, 0x0d420000, 0x0e520000)
 tenured generation   total 346380K, used 253079K [0x24c00000, 0x39e43000, 0x64c00000)
   the space 346380K,  73% used [0x24c00000, 0x34325c08, 0x34325e00, 0x39e43000)
 Metaspace       used 94507K, committed 95040K, reserved 98304K
}
Event: 71.639 GC heap after
{Heap after GC invocations=109 (full 7):
 def new generation   total 156800K, used 1902K [0x04c00000, 0x0f620000, 0x24c00000)
  eden space 139392K,   0% used [0x04c00000, 0x04c00000, 0x0d420000)
  from space 17408K,  10% used [0x0d420000, 0x0d5fb978, 0x0e520000)
  to   space 17408K,   0% used [0x0e520000, 0x0e520000, 0x0f620000)
 tenured generation   total 346380K, used 263076K [0x24c00000, 0x39e43000, 0x64c00000)
   the space 346380K,  75% used [0x24c00000, 0x34ce9210, 0x34ce9400, 0x39e43000)
 Metaspace       used 94507K, committed 95040K, reserved 98304K
}
Event: 71.758 GC heap before
{Heap before GC invocations=109 (full 7):
 def new generation   total 156800K, used 141294K [0x04c00000, 0x0f620000, 0x24c00000)
  eden space 139392K, 100% used [0x04c00000, 0x0d420000, 0x0d420000)
  from space 17408K,  10% used [0x0d420000, 0x0d5fb978, 0x0e520000)
  to   space 17408K,   0% used [0x0e520000, 0x0e520000, 0x0f620000)
 tenured generation   total 346380K, used 263076K [0x24c00000, 0x39e43000, 0x64c00000)
   the space 346380K,  75% used [0x24c00000, 0x34ce9210, 0x34ce9400, 0x39e43000)
 Metaspace       used 94733K, committed 95296K, reserved 98304K
}
Event: 71.771 GC heap after
{Heap after GC invocations=110 (full 7):
 def new generation   total 156800K, used 2953K [0x04c00000, 0x0f620000, 0x24c00000)
  eden space 139392K,   0% used [0x04c00000, 0x04c00000, 0x0d420000)
  from space 17408K,  16% used [0x0e520000, 0x0e802470, 0x0f620000)
  to   space 17408K,   0% used [0x0d420000, 0x0d420000, 0x0e520000)
 tenured generation   total 346380K, used 263076K [0x24c00000, 0x39e43000, 0x64c00000)
   the space 346380K,  75% used [0x24c00000, 0x34ce9210, 0x34ce9400, 0x39e43000)
 Metaspace       used 94733K, committed 95296K, reserved 98304K
}
Event: 72.247 GC heap before
{Heap before GC invocations=110 (full 7):
 def new generation   total 156800K, used 142345K [0x04c00000, 0x0f620000, 0x24c00000)
  eden space 139392K, 100% used [0x04c00000, 0x0d420000, 0x0d420000)
  from space 17408K,  16% used [0x0e520000, 0x0e802470, 0x0f620000)
  to   space 17408K,   0% used [0x0d420000, 0x0d420000, 0x0e520000)
 tenured generation   total 346380K, used 263076K [0x24c00000, 0x39e43000, 0x64c00000)
   the space 346380K,  75% used [0x24c00000, 0x34ce9210, 0x34ce9400, 0x39e43000)
 Metaspace       used 96903K, committed 97472K, reserved 98304K
}
Event: 72.264 GC heap after
{Heap after GC invocations=111 (full 7):
 def new generation   total 156800K, used 4673K [0x04c00000, 0x0f620000, 0x24c00000)
  eden space 139392K,   0% used [0x04c00000, 0x04c00000, 0x0d420000)
  from space 17408K,  26% used [0x0d420000, 0x0d8b06b0, 0x0e520000)
  to   space 17408K,   0% used [0x0e520000, 0x0e520000, 0x0f620000)
 tenured generation   total 346380K, used 263076K [0x24c00000, 0x39e43000, 0x64c00000)
   the space 346380K,  75% used [0x24c00000, 0x34ce9210, 0x34ce9400, 0x39e43000)
 Metaspace       used 96903K, committed 97472K, reserved 98304K
}
Event: 72.372 GC heap before
{Heap before GC invocations=111 (full 7):
 def new generation   total 156800K, used 144065K [0x04c00000, 0x0f620000, 0x24c00000)
  eden space 139392K, 100% used [0x04c00000, 0x0d420000, 0x0d420000)
  from space 17408K,  26% used [0x0d420000, 0x0d8b06b0, 0x0e520000)
  to   space 17408K,   0% used [0x0e520000, 0x0e520000, 0x0f620000)
 tenured generation   total 346380K, used 263076K [0x24c00000, 0x39e43000, 0x64c00000)
   the space 346380K,  75% used [0x24c00000, 0x34ce9210, 0x34ce9400, 0x39e43000)
 Metaspace       used 96949K, committed 97472K, reserved 98304K
}
Event: 72.387 GC heap after
{Heap after GC invocations=112 (full 7):
 def new generation   total 156800K, used 4802K [0x04c00000, 0x0f620000, 0x24c00000)
  eden space 139392K,   0% used [0x04c00000, 0x04c00000, 0x0d420000)
  from space 17408K,  27% used [0x0e520000, 0x0e9d0898, 0x0f620000)
  to   space 17408K,   0% used [0x0d420000, 0x0d420000, 0x0e520000)
 tenured generation   total 346380K, used 263076K [0x24c00000, 0x39e43000, 0x64c00000)
   the space 346380K,  75% used [0x24c00000, 0x34ce9210, 0x34ce9400, 0x39e43000)
 Metaspace       used 96949K, committed 97472K, reserved 98304K
}
Event: 72.488 GC heap before
{Heap before GC invocations=112 (full 7):
 def new generation   total 156800K, used 144194K [0x04c00000, 0x0f620000, 0x24c00000)
  eden space 139392K, 100% used [0x04c00000, 0x0d420000, 0x0d420000)
  from space 17408K,  27% used [0x0e520000, 0x0e9d0898, 0x0f620000)
  to   space 17408K,   0% used [0x0d420000, 0x0d420000, 0x0e520000)
 tenured generation   total 346380K, used 263076K [0x24c00000, 0x39e43000, 0x64c00000)
   the space 346380K,  75% used [0x24c00000, 0x34ce9210, 0x34ce9400, 0x39e43000)
 Metaspace       used 96975K, committed 97536K, reserved 98304K
}
Event: 72.501 GC heap after
{Heap after GC invocations=113 (full 7):
 def new generation   total 156800K, used 4754K [0x04c00000, 0x0f620000, 0x24c00000)
  eden space 139392K,   0% used [0x04c00000, 0x04c00000, 0x0d420000)
  from space 17408K,  27% used [0x0d420000, 0x0d8c4968, 0x0e520000)
  to   space 17408K,   0% used [0x0e520000, 0x0e520000, 0x0f620000)
 tenured generation   total 346380K, used 263076K [0x24c00000, 0x39e43000, 0x64c00000)
   the space 346380K,  75% used [0x24c00000, 0x34ce9210, 0x34ce9400, 0x39e43000)
 Metaspace       used 96975K, committed 97536K, reserved 98304K
}
Event: 72.585 GC heap before
{Heap before GC invocations=113 (full 7):
 def new generation   total 156800K, used 144146K [0x04c00000, 0x0f620000, 0x24c00000)
  eden space 139392K, 100% used [0x04c00000, 0x0d420000, 0x0d420000)
  from space 17408K,  27% used [0x0d420000, 0x0d8c4968, 0x0e520000)
  to   space 17408K,   0% used [0x0e520000, 0x0e520000, 0x0f620000)
 tenured generation   total 346380K, used 263076K [0x24c00000, 0x39e43000, 0x64c00000)
   the space 346380K,  75% used [0x24c00000, 0x34ce9210, 0x34ce9400, 0x39e43000)
 Metaspace       used 96983K, committed 97536K, reserved 98304K
}
Event: 72.598 GC heap after
{Heap after GC invocations=114 (full 7):
 def new generation   total 156800K, used 5011K [0x04c00000, 0x0f620000, 0x24c00000)
  eden space 139392K,   0% used [0x04c00000, 0x04c00000, 0x0d420000)
  from space 17408K,  28% used [0x0e520000, 0x0ea04e58, 0x0f620000)
  to   space 17408K,   0% used [0x0d420000, 0x0d420000, 0x0e520000)
 tenured generation   total 346380K, used 263076K [0x24c00000, 0x39e43000, 0x64c00000)
   the space 346380K,  75% used [0x24c00000, 0x34ce9210, 0x34ce9400, 0x39e43000)
 Metaspace       used 96983K, committed 97536K, reserved 98304K
}
Event: 72.674 GC heap before
{Heap before GC invocations=114 (full 7):
 def new generation   total 156800K, used 144403K [0x04c00000, 0x0f620000, 0x24c00000)
  eden space 139392K, 100% used [0x04c00000, 0x0d420000, 0x0d420000)
  from space 17408K,  28% used [0x0e520000, 0x0ea04e58, 0x0f620000)
  to   space 17408K,   0% used [0x0d420000, 0x0d420000, 0x0e520000)
 tenured generation   total 346380K, used 263076K [0x24c00000, 0x39e43000, 0x64c00000)
   the space 346380K,  75% used [0x24c00000, 0x34ce9210, 0x34ce9400, 0x39e43000)
 Metaspace       used 96996K, committed 97536K, reserved 98304K
}
Event: 72.686 GC heap after
{Heap after GC invocations=115 (full 7):
 def new generation   total 156800K, used 4792K [0x04c00000, 0x0f620000, 0x24c00000)
  eden space 139392K,   0% used [0x04c00000, 0x04c00000, 0x0d420000)
  from space 17408K,  27% used [0x0d420000, 0x0d8ce0a8, 0x0e520000)
  to   space 17408K,   0% used [0x0e520000, 0x0e520000, 0x0f620000)
 tenured generation   total 346380K, used 263076K [0x24c00000, 0x39e43000, 0x64c00000)
   the space 346380K,  75% used [0x24c00000, 0x34ce9210, 0x34ce9400, 0x39e43000)
 Metaspace       used 96996K, committed 97536K, reserved 98304K
}
Event: 72.761 GC heap before
{Heap before GC invocations=115 (full 7):
 def new generation   total 156800K, used 144184K [0x04c00000, 0x0f620000, 0x24c00000)
  eden space 139392K, 100% used [0x04c00000, 0x0d420000, 0x0d420000)
  from space 17408K,  27% used [0x0d420000, 0x0d8ce0a8, 0x0e520000)
  to   space 17408K,   0% used [0x0e520000, 0x0e520000, 0x0f620000)
 tenured generation   total 346380K, used 263076K [0x24c00000, 0x39e43000, 0x64c00000)
   the space 346380K,  75% used [0x24c00000, 0x34ce9210, 0x34ce9400, 0x39e43000)
 Metaspace       used 97003K, committed 97536K, reserved 98304K
}
Event: 72.777 GC heap after
{Heap after GC invocations=116 (full 7):
 def new generation   total 156800K, used 4884K [0x04c00000, 0x0f620000, 0x24c00000)
  eden space 139392K,   0% used [0x04c00000, 0x04c00000, 0x0d420000)
  from space 17408K,  28% used [0x0e520000, 0x0e9e5250, 0x0f620000)
  to   space 17408K,   0% used [0x0d420000, 0x0d420000, 0x0e520000)
 tenured generation   total 346380K, used 263076K [0x24c00000, 0x39e43000, 0x64c00000)
   the space 346380K,  75% used [0x24c00000, 0x34ce9210, 0x34ce9400, 0x39e43000)
 Metaspace       used 97003K, committed 97536K, reserved 98304K
}
Event: 72.867 GC heap before
{Heap before GC invocations=116 (full 7):
 def new generation   total 156800K, used 144276K [0x04c00000, 0x0f620000, 0x24c00000)
  eden space 139392K, 100% used [0x04c00000, 0x0d420000, 0x0d420000)
  from space 17408K,  28% used [0x0e520000, 0x0e9e5250, 0x0f620000)
  to   space 17408K,   0% used [0x0d420000, 0x0d420000, 0x0e520000)
 tenured generation   total 346380K, used 263076K [0x24c00000, 0x39e43000, 0x64c00000)
   the space 346380K,  75% used [0x24c00000, 0x34ce9210, 0x34ce9400, 0x39e43000)
 Metaspace       used 97004K, committed 97536K, reserved 98304K
}
Event: 72.881 GC heap after
{Heap after GC invocations=117 (full 7):
 def new generation   total 156800K, used 4959K [0x04c00000, 0x0f620000, 0x24c00000)
  eden space 139392K,   0% used [0x04c00000, 0x04c00000, 0x0d420000)
  from space 17408K,  28% used [0x0d420000, 0x0d8f7dd0, 0x0e520000)
  to   space 17408K,   0% used [0x0e520000, 0x0e520000, 0x0f620000)
 tenured generation   total 346380K, used 263076K [0x24c00000, 0x39e43000, 0x64c00000)
   the space 346380K,  75% used [0x24c00000, 0x34ce9210, 0x34ce9400, 0x39e43000)
 Metaspace       used 97004K, committed 97536K, reserved 98304K
}

